\BOOKMARK [0][]{section*.2}{Acknowledgement}{}% 1
\BOOKMARK [0][]{section*.3}{Abstract}{}% 2
\BOOKMARK [0][]{chapter.1}{1\040Introduction}{}% 3
\BOOKMARK [1][]{section.1.1}{1.1\040Introduction\040to\040AlexNet}{chapter.1}% 4
\BOOKMARK [1][]{section.1.2}{1.2\040Dataset:\040ImageNet}{chapter.1}% 5
\BOOKMARK [2][]{subsection.1.2.1}{1.2.1\040The\040ImageNet\040Large\040Scale\040Visual\040Recognition\040Challenge\040\(ILSVRC\)}{section.1.2}% 6
\BOOKMARK [0][]{chapter.2}{2\040A\040Comprehensive\040Study\040of\040Convolutional\040Neural\040Networks}{}% 7
\BOOKMARK [1][]{section.2.1}{2.1\040Need\040for\040CNNs\040in\040Computer\040Vision}{chapter.2}% 8
\BOOKMARK [1][]{section.2.2}{2.2\040Convolutional\040Neural\040Networks}{chapter.2}% 9
\BOOKMARK [2][]{subsection.2.2.1}{2.2.1\040Convolution\040Operation}{section.2.2}% 10
\BOOKMARK [2][]{subsection.2.2.2}{2.2.2\040Convolution\040Operation\040in\040CNNs}{section.2.2}% 11
\BOOKMARK [2][]{subsection.2.2.3}{2.2.3\040Kernals\040or\040Filters}{section.2.2}% 12
\BOOKMARK [2][]{subsection.2.2.4}{2.2.4\040Padding\040and\040Stride}{section.2.2}% 13
\BOOKMARK [1][]{section.2.3}{2.3\040Maxpool\040layers}{chapter.2}% 14
\BOOKMARK [1][]{section.2.4}{2.4\040Activation\040Functions}{chapter.2}% 15
\BOOKMARK [0][]{chapter.3}{3\040AlexNet}{}% 16
\BOOKMARK [1][]{section.3.1}{3.1\040Architecture}{chapter.3}% 17
\BOOKMARK [1][]{section.3.2}{3.2\040Dataset}{chapter.3}% 18
\BOOKMARK [1][]{section.3.3}{3.3\040ReLU\040Nonlinearity}{chapter.3}% 19
\BOOKMARK [1][]{section.3.4}{3.4\040Reducing\040Overfitting}{chapter.3}% 20
\BOOKMARK [2][]{subsection.3.4.1}{3.4.1\040Data\040Augmentation}{section.3.4}% 21
\BOOKMARK [2][]{subsection.3.4.2}{3.4.2\040Dropout\040Regularization}{section.3.4}% 22
\BOOKMARK [0][]{chapter.4}{4\040Results\040and\040Observations}{}% 23
\BOOKMARK [0][]{chapter.5}{5\040Conclusion}{}% 24
\BOOKMARK [0][]{chapter*.10}{Bibliography}{}% 25
